<?xml version="1.0" encoding="UTF-8"?><testsuite errors="0" failures="0" name="To validate the comments for the post made by specific user" skipped="0" tests="9" time="1518.93" timestamp="2020-08-16 01:38:13"><testcase name="To validate if emails in the comment section are in the proper format"/><testcase name="To validate if name in the comment is not empty"/><testcase name="To validate if body in the comment is not empty"/><testcase name="To validate if length of body in the comment is not less than 30 characters"/></testsuite>