<?xml version="1.0" encoding="UTF-8"?><testsuite errors="0" failures="0" name="To validate the comments for the post made by specific user" skipped="0" tests="16" time="333.77" timestamp="2020-08-15 09:02:48"><testcase name="To validate if emails in the comment section are in the proper format"/><testcase name="To validate if name in the comment is not empty"/><testcase name="To validate if body in the comment is not empty"/><testcase name="To validate if length of body in the comment is not less than 30 characters"/></testsuite>